"../../../Engine/Content/Functions/Engine_MaterialFunctions01/Shading/PowerToRoughness.uasset" 0
"../../../Engine/Content/EngineMaterials/DefaultDiffuse.uasset" 1
"../../../Engine/Content/EngineMaterials/DefaultDeferredDecalMaterial.uasset" 2
"../../../Engine/Content/EngineMaterials/DefaultLightFunctionMaterial.uasset" 3
"../../../Engine/Content/Functions/Engine_MaterialFunctions02/Utility/BreakOutFloat2Components.uasset" 4
"../../../Engine/Content/EngineMaterials/DefaultPostProcessMaterial.uasset" 5
"../../../Engine/Content/EditorMaterials/Camera/CineMat.uasset" 6
"../../../Engine/Content/EditorMaterials/Camera/MI_CineMat_Rig.uasset" 7
"../../../Engine/Content/EditorMeshes/Camera/SM_CraneRig_Base.uasset" 8
"../../../Engine/Content/EditorMeshes/Camera/SM_CraneRig_Arm.uasset" 9
"../../../Engine/Content/EditorMeshes/Camera/SM_CraneRig_Mount.uasset" 10
"../../../Engine/Content/EditorMeshes/Camera/SM_CraneRig_Body.uasset" 11
"../../../Engine/Content/EditorMeshes/Camera/SM_RailRig_Track.uasset" 12
"../../../Engine/Content/EditorMeshes/Camera/SM_RailRig_Mount.uasset" 13
"../../../Engine/Content/EditorResources/MatineeCam_D.uasset" 14
"../../../Engine/Content/EditorMaterials/MatineeCam_mat.uasset" 15
"../../../Engine/Content/EditorMeshes/MatineeCam_SM.uasset" 16
"../../../Engine/Content/EditorMaterials/Camera/MI_CineMat_CameraBody.uasset" 17
"../../../Engine/Content/EngineDebugMaterials/M_SimpleOpaque.uasset" 18
"../../../Engine/Content/EditorMaterials/Camera/MI_CineMat_CamViewFinder.uasset" 19
"../../../Engine/Content/EditorMeshes/Camera/SM_CineCam.uasset" 20
"../../../Engine/Content/Functions/Engine_MaterialFunctions01/Opacity/CameraDepthFade.uasset" 21
"../../../Engine/Content/EngineMaterials/T_Default_Material_Grid_M.uasset" 22
"../../../Engine/Content/EngineMaterials/T_Default_Material_Grid_N.uasset" 23
"../../../Engine/Content/EngineMaterials/WorldGridMaterial.uasset" 24
"../../../Engine/Content/ArtTools/RenderToTexture/Meshes/S_1_Unit_Plane.uasset" 25
"../../../Engine/Content/EngineDebugMaterials/M_SimpleTranslucent.uasset" 26
"../../../Engine/Content/EngineResources/AICON-Red.uasset" 27
"../../../Engine/Content/EngineResources/AICON-Green.uasset" 28
"../../../Engine/Content/EngineFonts/Roboto.uasset" 29
"../../../Engine/Content/EngineResources/DefaultTexture.uasset" 30
"../../../Engine/Content/Functions/Engine_MaterialFunctions01/Texturing/ScaleUVsByCenter.uasset" 31
"../../../Engine/Content/Functions/Engine_MaterialFunctions02/ScreenResolution.uasset" 32
"../../../Engine/Content/Functions/Engine_MaterialFunctions02/Texturing/ScreenAlignedUVs.uasset" 33
"../../../Engine/Content/EngineResources/WhiteSquareTexture.uasset" 34
"../../../Engine/Content/EngineMaterials/Widget3DPassThrough.uasset" 35
"../../../Engine/Content/EngineMaterials/Widget3DPassThrough_Translucent.uasset" 36
"../../../Engine/Content/EngineMaterials/Widget3DPassThrough_Translucent_OneSided.uasset" 37
"../../../Engine/Content/EngineMaterials/Widget3DPassThrough_Opaque.uasset" 38
"../../../Engine/Content/EngineMaterials/Widget3DPassThrough_Opaque_OneSided.uasset" 39
"../../../Engine/Content/EngineMaterials/Widget3DPassThrough_Masked.uasset" 40
"../../../Engine/Content/EngineMaterials/Widget3DPassThrough_Masked_OneSided.uasset" 41
"../../../Engine/Content/EditorResources/S_Actor.uasset" 42
"../../../Engine/Content/EditorResources/S_LevelSequence.uasset" 43
"../../../Engine/Content/EngineSky/EpicQuadPanorama_CC+EV1.uasset" 44
"../../../Engine/Content/EditorResources/Bad.uasset" 45
"../../../Engine/Content/EditorMeshes/EditorCube.uasset" 46
"../../../Engine/Content/EditorMeshes/EditorSphere.uasset" 47
"../../../Engine/Content/EditorMeshes/EditorPlane.uasset" 48
"../../../Engine/Content/EditorMeshes/EditorCylinder.uasset" 49
"../../../Engine/Content/Maps/Templates/Thumbnails/Default.uasset" 50
"../../../Engine/Content/Maps/Templates/Thumbnails/VR-Basic.uasset" 51
"../../../Engine/Content/EditorMaterials/Thumbnails/SkySphereMaterial.uasset" 52
"../../../Engine/Content/EditorMeshes/EditorSkySphere.uasset" 53
"../../../Engine/Content/EngineMaterials/Grid.uasset" 54
"../../../Engine/Content/EditorMaterials/Thumbnails/FloorPlaneMaterial.uasset" 55
"../../../Engine/Content/MapTemplates/Sky/DaylightAmbientCubemap.uasset" 56
"../../../Engine/Content/EditorMaterials/ParticleSystems/PSysThumbnail_NoImage.uasset" 57
"../../../Engine/Content/EditorMaterials/ParticleSystems/PSysThumbnail_OOD.uasset" 58
"../../../Engine/Content/EditorResources/S_DecalActorIcon.uasset" 59
"../../../Engine/Content/EditorLandscapeResources/LandscapeGizmo_Mat.uasset" 60
"../../../Engine/Content/EditorLandscapeResources/LandscapeGizmo_Mat_Copied.uasset" 61
"../../../Engine/Content/EditorLandscapeResources/LandscapeGizmoHeight_Mat.uasset" 62
"../../../Engine/Content/EditorLandscapeResources/DataLayer.uasset" 63
"../../../Engine/Content/EditorResources/S_Terrain.uasset" 64
"../../../Engine/Content/EditorLandscapeResources/SplineEditorMeshMat.uasset" 65
"../../../Engine/Content/EditorLandscapeResources/SplineEditorMesh.uasset" 66
"../../../Engine/Content/Functions/Engine_MaterialFunctions02/Utility/Sign.uasset" 67
"../../../Engine/Content/Functions/Engine_MaterialFunctions02/Utility/Round.uasset" 68
"../../../Engine/Content/Functions/Engine_MaterialFunctions02/ExampleContent/Textures/flipbook.uasset" 69
"../../../Engine/Content/Functions/Engine_MaterialFunctions02/Texturing/FlipBook.uasset" 70
"../../../Engine/Content/EditorResources/T_EditorHelp.uasset" 71
"../../../Engine/Content/EditorMaterials/HelpActorMaterial.uasset" 72
"../../../Engine/Content/EditorResources/S_Emitter.uasset" 73
"../../../Engine/Content/EditorResources/S_ExpoHeightFog.uasset" 74
"../../../Engine/Content/EditorResources/S_NavP.uasset" 75
"../../../Engine/Content/EditorResources/S_Player.uasset" 76
"../../../Engine/Content/EditorResources/LightIcons/SkyLight.uasset" 77
"../../../Engine/Content/EditorResources/S_WindDirectional.uasset" 78
"../../../Engine/Content/EngineDamageTypes/DmgTypeBP_Environmental.uasset" 79
"../../../Engine/Content/EditorResources/LightIcons/S_LightDirectional.uasset" 80
"../../../Engine/Content/EditorResources/LightIcons/S_LightDirectionalMove.uasset" 81
"../../../Engine/Content/EditorResources/LightIcons/S_LightPoint.uasset" 82
"../../../Engine/Content/EditorResources/LightIcons/S_LightPointMove.uasset" 83
"../../../Engine/Content/EditorResources/LightIcons/S_LightSpot.uasset" 84
"../../../Engine/Content/EditorResources/LightIcons/S_LightSpotMove.uasset" 85
"../../../Engine/Content/EditorResources/S_PortalActorIcon2.uasset" 86
"../../../Engine/Content/EditorResources/MatInstActSprite.uasset" 87
"../../../Engine/Content/EditorResources/SceneManager.uasset" 88
"../../../Engine/Content/EditorResources/AI/S_NavLink.uasset" 89
"../../../Engine/Content/EditorResources/S_Note.uasset" 90
"../../../Engine/Content/EngineMeshes/Sphere.uasset" 91
"../../../Engine/Content/EditorResources/S_ReflActorIcon.uasset" 92
"../../../Engine/Content/EditorResources/S_Thruster.uasset" 93
"../../../Engine/Content/EditorResources/S_RadForce.uasset" 94
"../../../Engine/Content/EditorMaterials/TargetIcon.uasset" 95
"../../../Engine/Content/EngineFonts/RobotoDistanceField.uasset" 96
"../../../Engine/Content/EngineMaterials/DefaultTextMaterialOpaque.uasset" 97
"../../../Engine/Content/EditorResources/S_TextRenderActorIcon.uasset" 98
"../../../Engine/Content/EditorResources/S_Trigger.uasset" 99
"../../../Engine/Content/EditorResources/S_VectorFieldVol.uasset" 100
"../../../Engine/Content/EngineResources/GradientTexture0.uasset" 101
"../../../Engine/Content/EditorMaterials/MatineeGroups/MAT_Groups_Float.uasset" 102
"../../../Engine/Content/EditorMaterials/MatineeGroups/MAT_Groups_Director.uasset" 103
"../../../Engine/Content/EditorMaterials/MatineeGroups/MAT_Groups_Event.uasset" 104
"../../../Engine/Content/EditorMaterials/MatineeGroups/MAT_Groups_Anim.uasset" 105
"../../../Engine/Content/EditorMaterials/MatineeGroups/MAT_Groups_Fade.uasset" 106
"../../../Engine/Content/EditorMaterials/MatineeGroups/MAT_Groups_Move.uasset" 107
"../../../Engine/Content/EditorMaterials/MatineeGroups/MAT_Groups_Slomo.uasset" 108
"../../../Engine/Content/EditorMaterials/MatineeGroups/MAT_ColorTrack.uasset" 109
"../../../Engine/Content/EditorMaterials/MAT_Groups_Toggle.uasset" 110
"../../../Engine/Content/EditorMaterials/MatineeGroups/MAT_Groups_AudioMaster.uasset" 111
"../../../Engine/Content/EditorMaterials/MatineeGroups/MAT_Groups_Sound.uasset" 112
"../../../Engine/Content/EditorMaterials/MatineeGroups/MAT_Groups_Vector.uasset" 113
"../../../Engine/Content/EditorMaterials/MAT_Groups_Visibility.uasset" 114
"../../../Engine/Content/EngineResources/DefaultTextureCube.uasset" 115
"../../../Engine/Content/EngineMaterials/DefaultMaterial.uasset" 116
"../../../Engine/Content/EngineMeshes/Cylinder.uasset" 117
"../../../Engine/Content/EngineTireTypes/DefaultTireType.uasset" 118
"../../../Engine/Content/EditorResources/S_FTest.uasset" 119
"../../../Engine/Content/VREditor/LaserPointer/VR_LaserPower_01.uasset" 120
"../../../Engine/Content/VREditor/TransformGizmo/TransformGizmoMaterial.uasset" 121
"../../../Engine/Content/VREditor/TransformGizmo/TranslucentTransformGizmoMaterial.uasset" 122
"../../../Engine/Content/VREditor/TransformGizmo/UniformScaleHandle.uasset" 123
"../../../Engine/Content/VREditor/TransformGizmo/TranslateHandleLong.uasset" 124
"../../../Engine/Content/VREditor/TransformGizmo/PlaneTranslationHandle.uasset" 125
"../../../Engine/Content/VREditor/TransformGizmo/RotationHandleFull.uasset" 126
"../../../Engine/Content/VREditor/TransformGizmo/StretchingHandle.uasset" 127
"../../../Engine/Content/VREditor/TransformGizmo/BoundingBoxCorner.uasset" 128
"../../../Engine/Content/VREditor/TransformGizmo/BoundingBoxEdge.uasset" 129
"../../../Engine/Content/VREditor/UI/SelectionBarMesh.uasset" 130
"../../../Engine/Content/VREditor/UI/CloseButtonMesh.uasset" 131
"../../../Engine/Content/VREditor/FloatingText/LineMaterial.uasset" 132
"../../../Engine/Content/VREditor/FloatingText/LineSegmentCylinder.uasset" 133
"../../../Engine/Content/VREditor/FloatingText/JointSphere.uasset" 134
"../../../Engine/Content/VREditor/Fonts/VRText_RobotoLarge.uasset" 135
"../../../Engine/Content/VREditor/Fonts/VRTextMaterial.uasset" 136
"../../../Engine/Content/VREditor/Fonts/TranslucentVRTextMaterial.uasset" 137
"../../../Engine/Content/VREditor/TransformGizmo/TranslationHandle.uasset" 138
"../../../Engine/Content/VREditor/TransformGizmo/RotationHandle.uasset" 139
"../../../Engine/Content/VREditor/Devices/Generic/GenericHMDMaterial.uasset" 140
"../../../Engine/Content/VREditor/Devices/Generic/GenericHMD.uasset" 141
"../../../Engine/Content/Functions/Engine_MaterialFunctions01/Gradient/RadialGradient.uasset" 142
"../../../Engine/Content/EditorLandscapeResources/FlattenHeightMat.uasset" 143
"../../../Engine/Content/VREditor/WorldMovementGrid/PlaneMesh.uasset" 144
"../../../Engine/Content/VREditor/WorldMovementGrid/SimpleGrid.uasset" 145
"../../../Engine/Content/VREditor/WorldMovementGrid/GridMaterial.uasset" 146
"../../../Engine/Content/VREditor/LaserPointer/LaserPointerMaterial.uasset" 147
"../../../Engine/Content/VREditor/LaserPointer/LaserPointerMaterialInst.uasset" 148
"../../../Engine/Content/VREditor/LaserPointer/TranslucentLaserPointerMaterialInst.uasset" 149
"../../../Engine/Content/VREditor/LaserPointer/LaserPointerMesh.uasset" 150
"../../../Engine/Content/Functions/Engine_MaterialFunctions01/Density/ExponentialDensity.uasset" 151
"../../../Engine/Content/VREditor/WorldMovementGrid/GridPostProcess.uasset" 152
"../../../Engine/Content/VREditor/Sounds/VR_teleport_Cue.uasset" 153
"../../../Engine/Content/VREditor/Sounds/VR_grab_Cue.uasset" 154
"../../../Engine/Content/EditorBlueprintResources/ActorMacros.uasset" 155
"../../../Engine/Plugins/2D/Paper2D/Content/PlaceholderTextures/DummySpriteTexture.uasset" 156
"../../../Engine/Plugins/2D/Paper2D/Content/DefaultSpriteMaterial.uasset" 157
"../../../Engine/Plugins/2D/Paper2D/Content/MaskedUnlitSpriteMaterial.uasset" 158
"../../../Engine/Plugins/2D/Paper2D/Content/OpaqueUnlitSpriteMaterial.uasset" 159
"../../../Engine/Plugins/2D/Paper2D/Content/DummySprite.uasset" 160
"../../../Engine/Plugins/2D/Paper2D/Content/DefaultPaperTerrainMaterial.uasset" 161
"../../../Engine/Content/EditorSounds/Notifications/CompileSuccess.uasset" 162
"../../../Engine/Content/EditorSounds/Notifications/CompileStart_Cue.uasset" 163
"../../../Engine/Content/EditorSounds/Notifications/CompileSuccess_Cue.uasset" 164
"../../../Engine/Content/EditorSounds/Notifications/CompileFailed.uasset" 165
"../../../Engine/Content/EditorSounds/Notifications/CompileFailed_Cue.uasset" 166
"../../../Engine/Content/BufferVisualization/BaseColor.uasset" 167
"../../../Engine/Content/BufferVisualization/CustomDepth.uasset" 168
"../../../Engine/Content/Functions/Engine_MaterialFunctions02/Utility/MakeFloat2.uasset" 169
"../../../Engine/Content/Functions/Engine_MaterialFunctions02/Utility/MakeFloat3.uasset" 170
"../../../Engine/Content/EngineMaterials/MiniFont.uasset" 171
"../../../Engine/Content/BufferVisualization/CustomStencil.uasset" 172
"../../../Engine/Content/BufferVisualization/FinalImage.uasset" 173
"../../../Engine/Content/BufferVisualization/LightingModel.uasset" 174
"../../../Engine/Content/BufferVisualization/MaterialAO.uasset" 175
"../../../Engine/Content/BufferVisualization/Metallic.uasset" 176
"../../../Engine/Content/BufferVisualization/Opacity.uasset" 177
"../../../Engine/Content/BufferVisualization/Roughness.uasset" 178
"../../../Engine/Content/BufferVisualization/SceneColor.uasset" 179
"../../../Engine/Content/BufferVisualization/SceneDepth.uasset" 180
"../../../Engine/Content/BufferVisualization/SeparateTranslucencyRGB.uasset" 181
"../../../Engine/Content/BufferVisualization/SeparateTranslucencyA.uasset" 182
"../../../Engine/Content/BufferVisualization/Specular.uasset" 183
"../../../Engine/Content/BufferVisualization/SubsurfaceColor.uasset" 184
"../../../Engine/Content/BufferVisualization/WorldNormal.uasset" 185
"../../../Engine/Content/EngineMaterials/DefaultPhysicalMaterial.uasset" 186
"../../../Engine/Content/BufferVisualization/AmbientOcclusion.uasset" 187
"../../../Engine/Content/Functions/Engine_MaterialFunctions02/Utility/VectorLength.uasset" 188
"../../../Engine/Content/BufferVisualization/CustomDepthWorldUnits.uasset" 189
"../../../Engine/Content/BufferVisualization/SceneDepthWorldUnits.uasset" 190
"../../../Engine/Content/BufferVisualization/HDRColor.uasset" 191
"../../../Engine/Content/EngineMaterials/HighResolutionScreenshotMaskFunction.uasset" 192
"../../../Engine/Content/EngineMaterials/HighResScreenshot.uasset" 193
"../../../Engine/Content/EngineMaterials/HighResScreenshotMask.uasset" 194
"../../../Engine/Content/EngineMaterials/HighResScreenshotCaptureRegion.uasset" 195
"../../../Engine/Content/EngineDebugMaterials/WireframeMaterial.uasset" 196
"../../../Engine/Content/Functions/Engine_MaterialFunctions01/Shading/ConvertFromDiffSpec.uasset" 197
"../../../Engine/Content/EngineDebugMaterials/LevelColorationLitMaterial.uasset" 198
"../../../Engine/Content/EngineDebugMaterials/LevelColorationUnlitMaterial.uasset" 199
"../../../Engine/Content/EngineMaterials/DefaultWhiteGrid.uasset" 200
"../../../Engine/Content/EngineDebugMaterials/MAT_LevelColorationLitLightmapUV.uasset" 201
"../../../Engine/Content/EngineDebugMaterials/ShadedLevelColorationLitMaterial.uasset" 202
"../../../Engine/Content/EngineDebugMaterials/ShadedLevelColorationUnlitMateri.uasset" 203
"../../../Engine/Content/EngineDebugMaterials/VertexColorMaterial.uasset" 204
"../../../Engine/Content/EngineDebugMaterials/VertexColorViewMode_ColorOnly.uasset" 205
"../../../Engine/Content/EngineDebugMaterials/VertexColorViewMode_AlphaAsColor.uasset" 206
"../../../Engine/Content/EngineDebugMaterials/VertexColorViewMode_RedOnly.uasset" 207
"../../../Engine/Content/EngineDebugMaterials/VertexColorViewMode_GreenOnly.uasset" 208
"../../../Engine/Content/EngineDebugMaterials/VertexColorViewMode_BlueOnly.uasset" 209
"../../../Engine/Content/EngineMaterials/RemoveSurfaceMaterial.uasset" 210
"../../../Engine/Content/EngineDebugMaterials/DebugMeshMaterial.uasset" 211
"../../../Engine/Content/EngineMaterials/InvalidLightmapSettings.uasset" 212
"../../../Engine/Content/EngineMaterials/M_InvalidLightmapSettings.uasset" 213
"../../../Engine/Content/EditorMaterials/GizmoMaterial.uasset" 214
"../../../Engine/Content/EngineMaterials/PhAT_JointLimitMaterial.uasset" 215
"../../../Engine/Content/EngineDebugMaterials/GeomMaterial.uasset" 216
"../../../Engine/Content/EngineMaterials/EditorBrushMaterial.uasset" 217
"../../../Engine/Content/EngineDebugMaterials/HeatmapGradient.uasset" 218
"../../../Engine/Content/EngineDebugMaterials/BoneWeightMaterial.uasset" 219
"../../../Engine/Content/EditorMaterials/PreviewShadowIndicator.uasset" 220
"../../../Engine/Content/EditorMaterials/PreviewShadowIndicatorMaterial.uasset" 221
"../../../Engine/Content/EditorResources/BSPVertex.uasset" 222
"../../../Engine/Content/EngineMaterials/Good64x64TilingNoiseHighFreq.uasset" 223
"../../../Engine/Content/EngineMaterials/DefaultBokeh.uasset" 224
"../../../Engine/Content/EngineMaterials/PreintegratedSkinBRDF.uasset" 225
"../../../Engine/Content/EngineMaterials/WeightMapPlaceholderTexture.uasset" 226
"../../../Engine/Content/EngineFonts/RobotoTiny.uasset" 227
"../../../Engine/Content/Tutorial/ContentIntroCurve.uasset" 228
"../../../Engine/Content/EditorMaterials/Cross.uasset" 229
"../../../Engine/Content/EditorMaterials/Cross_Mat.uasset" 230
"../../../Engine/Content/EditorMaterials/PhAT_BoneSelectedMaterial.uasset" 231
"../../../Engine/Content/EditorMaterials/PhAT_ElemSelectedMaterial.uasset" 232
"../../../Engine/Content/EditorMaterials/PhAT_NoCollisionMaterial.uasset" 233
"../../../Engine/Content/EditorMaterials/PhAT_UnselectedMaterial.uasset" 234
"../../../Engine/Content/EditorMaterials/Tick.uasset" 235
"../../../Engine/Content/EditorMaterials/Tick_Mat.uasset" 236
"../../../Engine/Content/EditorMaterials/WidgetGridVertexColorMaterial.uasset" 237
"../../../Engine/Content/EditorMaterials/WidgetGridVertexColorMaterial_Ma.uasset" 238
"../../../Engine/Content/EditorMaterials/WidgetMaterial.uasset" 239
"../../../Engine/Content/EditorMaterials/WidgetMaterial_Current.uasset" 240
"../../../Engine/Content/EditorMaterials/WidgetMaterial_X.uasset" 241
"../../../Engine/Content/EditorMaterials/WidgetMaterial_Y.uasset" 242
"../../../Engine/Content/EditorMaterials/WidgetMaterial_Z.uasset" 243
"../../../Engine/Content/EditorMaterials/WidgetVertexColorMaterial.uasset" 244
"../../../Engine/Content/EditorMaterials/CompositeARGBLayer.uasset" 245
"../../../Engine/Content/EditorMaterials/TilingAALineIntegral.uasset" 246
"../../../Engine/Content/EditorMaterials/TilingAALineBoxFiltered.uasset" 247
"../../../Engine/Content/Functions/Engine_MaterialFunctions03/Procedurals/ComputeFilterWidth.uasset" 248
"../../../Engine/Content/EditorMaterials/TilingAADots.uasset" 249
"../../../Engine/Content/EditorMaterials/Cascade/CASC_Cross.uasset" 250
"../../../Engine/Content/EditorMaterials/Cascade/CASC_None.uasset" 251
"../../../Engine/Content/Functions/Engine_MaterialFunctions03/Blends/Blend_Screen.uasset" 252
"../../../Engine/Content/EditorMaterials/TilingAAGrid.uasset" 253
"../../../Engine/Content/EditorMaterials/LevelGridMaterial.uasset" 254
"../../../Engine/Content/EditorResources/SmallFont.uasset" 255
"../../../Engine/Content/EditorResources/S_KBSJoint.uasset" 256
"../../../Engine/Content/EditorResources/S_KHinge.uasset" 257
"../../../Engine/Content/EditorResources/S_KPrismatic.uasset" 258
"../../../Engine/Content/EditorResources/LightIcons/S_LightError.uasset" 259
"../../../Engine/Content/EditorResources/Spline/T_Loft_Spline.uasset" 260
"../../../Engine/Content/EngineMaterials/BlinkingCaret.uasset" 261
"../../../Engine/Content/EngineMaterials/Grid_N.uasset" 262
"../../../Engine/Content/EngineMaterials/LandscapeHolePhysicalMaterial.uasset" 263
"../../../Engine/Content/EngineMaterials/PaperDiffuse.uasset" 264
"../../../Engine/Content/EngineMaterials/PaperNormal.uasset" 265
"../../../Engine/Content/EngineMaterials/PhysMat_Rubber.uasset" 266
"../../../Engine/Content/EngineFonts/SmallFont.uasset" 267
"../../../Engine/Content/EngineFonts/TinyFont.uasset" 268
"../../../Engine/Content/EngineResources/StreamingPauseIcon.uasset" 269
"../../../Engine/Content/EngineResources/M_StreamingPause.uasset" 270
"../../../Engine/Content/BasicShapes/Cube.uasset" 271
"../../../Engine/Content/BasicShapes/Sphere.uasset" 272
"../../../Engine/Content/BasicShapes/Cylinder.uasset" 273
"../../../Engine/Content/BasicShapes/Cone.uasset" 274
"../../../Engine/Content/EditorResources/SequenceRecorder/Countdown.uasset" 275
"../../../Engine/Content/EditorResources/SequenceRecorder/RecordingIndicator.uasset" 276
"../../../Engine/Content/EditorLandscapeResources/DefaultAlphaTexture.uasset" 277
"../../../Engine/Content/EditorBlueprintResources/StandardMacros.uasset" 278
"../../../Engine/Content/ArtTools/RenderToTexture/Enums/EFloatTypes.uasset" 279
"../../../Engine/Content/ArtTools/RenderToTexture/Enums/EIntTypes.uasset" 280
"../../../Engine/Content/ArtTools/RenderToTexture/Macros/RenderToTextureMacros.uasset" 281
"../../../Engine/Content/EditorMaterials/Cascade/CASC_DisabledModule.uasset" 282
"../../../Engine/Content/EditorMaterials/Cascade/CASC_Solo_Off.uasset" 283
"../../../Engine/Content/EditorMaterials/Cascade/CASC_Solo_On.uasset" 284
"../../../Engine/Content/EditorMaterials/Cascade/CASC_ModuleDisable.uasset" 285
"../../../Engine/Content/EditorMaterials/Cascade/CASC_ModuleEnable.uasset" 286
"../../../Engine/Content/EditorMaterials/Cascade/CASC_CurveEd.uasset" 287
"../../../Engine/Content/EditorMaterials/Cascade/CASC_Lights.uasset" 288
"../../../Engine/Content/EditorMaterials/Cascade/CASC_Point.uasset" 289
"../../../Engine/Content/EditorMaterials/Cascade/CASC_Normal.uasset" 290
"../../../Engine/Content/EditorMeshes/AnimTreeEd_PreviewFloor.uasset" 291
"../../../Engine/Content/EditorResources/EmptyActor.uasset" 292
"../../../Engine/Content/Tutorial/Basics/TutorialAssets/icon_tab_Levels_40x.uasset" 293
"../../../Engine/Content/EditorMaterials/MakeCompositeARGBLayer.uasset" 294
"../../../Engine/Content/EditorResources/LevelGrid1DStripes.uasset" 295
"../../../Engine/Content/EditorMaterials/TextureGridCascaded1D.uasset" 296
"../../../Engine/Content/EditorMaterials/TextureGridCascaded2D.uasset" 297
"../../../Engine/Content/EditorMaterials/LevelGridMaterial2.uasset" 298
"../../../Engine/Content/Tutorial/BlueprintTutorials/TutorialAssets/Blueprint_64x.uasset" 299
"../../../Engine/Content/EditorMaterials/AntialiasedGridFloor.uasset" 300
"../../../Engine/Content/EditorResources/TilePatine_D.uasset" 301
"../../../Engine/Content/EditorResources/TilePatine_N.uasset" 302
"../../../Engine/Content/EditorMaterials/PersonaFloorMat.uasset" 303
"../../../Engine/Content/ArtTools/RenderToTexture/Macros/RenderToTextureFunctionLibrary.uasset" 304
"../../../Engine/Content/EditorMaterials/GridMaterial.uasset" 305
"../../../Engine/Content/EditorMeshes/PhAT_FloorBox.uasset" 306
"../../../Engine/Content/MapTemplates/Sky/SunsetAmbientCubemap.uasset" 307
"../../../Engine/Content/EditorMaterials/AssetViewer/M_SkyBox.uasset" 308
"../../../Engine/Content/EditorMeshes/AssetViewer/Sphere_inversenormals.uasset" 309
"../../../Engine/Content/ArtTools/RenderToTexture/Enums/RenderToTexture_Enum.uasset" 310
"../../../Engine/Content/ArtTools/RenderToTexture/Enums/RenderToTexture_Flipbook_Enum.uasset" 311
"../../../Engine/Content/ArtTools/RenderToTexture/Enums/RenderToTexture_Imposter_Enum.uasset" 312
"../../../Engine/Content/VREditor/Tutorial/UMG/Specialized/AnimsForHands.uasset" 313
"../../../Exit/Content/FXVillesBloodVFXPack/DemoRoomAssets/BluePrint/BP_DemoDisplay_Enum.uasset" 314
"../../../Exit/Content/FXVillesBloodVFXPack/DemoRoomAssets/BluePrint/BP_DemoRoom_Enum.uasset" 315
"../../../Engine/Content/MobileResources/T_MobileControls_texture.uasset" 316
"../../../Engine/Content/MobileResources/T_MobileMenu2.uasset" 317
"../../../Engine/Content/MobileResources/HUD/AnalogHat.uasset" 318
"../../../Engine/Content/MobileResources/HUD/VirtualJoystick_Background.uasset" 319
"../../../Engine/Content/MobileResources/HUD/VirtualJoystick_Thumb.uasset" 320
"../../../Engine/Content/MobileResources/HUD/DefaultVirtualJoysticks.uasset" 321
"../../../Exit/Content/IBWP3DBenelli/Weapons/BenelliSuperNova/Benelli_Skeleton.uasset" 322
"../../../Engine/Content/EngineResources/Black.uasset" 323
"../../../Exit/Content/InfinityBladeEffects/Effects/Masters/M_Add_Sprite_SubUV_Master.uasset" 324
"../../../Exit/Content/InfinityBladeEffects/Effects/FX_Textures/Fire/T_Fire_subUV_6X6.uasset" 325
"../../../Exit/Content/InfinityBladeEffects/Effects/FX_Materials/Fire/M_Fire_01_Add_6X6_INST.uasset" 326
"../../../Exit/Content/InfinityBladeEffects/Effects/Masters/M_Trans_Sprite_SubUV_Master.uasset" 327
"../../../Exit/Content/InfinityBladeEffects/Effects/FX_Textures/Fire/T_Fireball_02_SubUV_4_4.uasset" 328
"../../../Exit/Content/InfinityBladeEffects/Effects/FX_Materials/Fire/M_Fireball_03_4_4_INST.uasset" 329
"../../../Exit/Content/InfinityBladeEffects/Effects/Masters/M_Add_Sprite_Master.uasset" 330
"../../../Exit/Content/InfinityBladeEffects/Effects/FX_Textures/Gradient/T_starFlare_03.uasset" 331
"../../../Exit/Content/InfinityBladeEffects/Effects/FX_Materials/Gradient/M_Flare_04_INST.uasset" 332
"../../../Exit/Content/InfinityBladeEffects/Effects/FX_Textures/Smoke/T_SmokeBall_01_8_8.uasset" 333
"../../../Exit/Content/InfinityBladeEffects/Effects/FX_Materials/Smoke/M_Smoke_01_8X8_INST.uasset" 334
"../../../Exit/Content/InfinityBladeEffects/Effects/FX_Textures/Spark/T_Sparks_04_SubUV_1_4.uasset" 335
"../../../Exit/Content/InfinityBladeEffects/Effects/FX_Materials/Spark/M_Spark_04_SubUV_1_4_INST.uasset" 336
"../../../Exit/Content/InfinityBladeEffects/Effects/FX_Monsters/FX_Monster_Gruntling/Master/P_BackPack_MuzzleFlash.uasset" 337
"../../../Exit/Content/IBWP3DBenelli/Weapons/BenelliSuperNova/Animation/Benelli-Fire.uasset" 338
"../../../Exit/Content/IBWP3DBenelli/Weapons/BenelliSuperNova/Animation/Benelli-Fire_Montage.uasset" 339
"../../../Exit/Content/IBWP3DBenelli/Weapons/BenelliSuperNova/Animation/Benelli-ReloadEnd.uasset" 340
"../../../Exit/Content/IBWP3DBenelli/Weapons/BenelliSuperNova/Animation/Benelli-ReloadEnd_Montage.uasset" 341
"../../../Exit/Content/IBWP3DBenelli/Weapons/BenelliSuperNova/Animation/Benelli-Idle.uasset" 342
"../../../Exit/Content/IBWP3DBenelli/Weapons/BenelliSuperNova/Animation/Benelli-Idle_Montage.uasset" 343
"../../../Engine/Content/Tutorial/SubEditors/TutorialAssets/icon_ShowSkeletalMeshes_40x.uasset" 344
"../../../Engine/Content/MobileResources/HUD/LeftVirtualJoystickOnly.uasset" 345
"../../../Engine/Content/MobileResources/HUD/MobileHUDButton1_off.uasset" 346
"../../../Engine/Content/MobileResources/HUD/MobileHUDButton1_on.uasset" 347
"../../../Engine/Content/MobileResources/HUD/MobileHUDButton2_off.uasset" 348
"../../../Engine/Content/MobileResources/HUD/MobileHUDButton2_on.uasset" 349
"../../../Engine/Content/MobileResources/HUD/MobileHUDButton3.uasset" 350
"../../../Engine/Content/MobileResources/HUD/MobileHUDButtonFire.uasset" 351
"../../../Engine/Content/MobileResources/HUD/MobileHUDDirectionPad.uasset" 352
"../../../Engine/Content/MobileResources/HUD/MobileHUDDirectionPad2.uasset" 353
"../../../Engine/Content/MobileResources/HUD/MobileHUDDirectionPad3.uasset" 354
"../../../Engine/Content/MobileResources/HUD/MobileHUDDirectionStick.uasset" 355
"../../../Engine/Content/MobileResources/HUD/T_Castle_ThumbstickInner.uasset" 356
"../../../Engine/Content/MobileResources/HUD/T_Castle_ThumbstickOutter.uasset" 357
"../../../Engine/Content/EngineMaterials/DefaultNormal.uasset" 358
"../../../Engine/Content/Maps/Entry.umap" 359
"../../../Engine/Content/EngineSky/C_Sky_Cloud_Color.uasset" 360
"../../../Engine/Content/EngineSky/C_Sky_Horizon_Color.uasset" 361
"../../../Engine/Content/EngineSky/C_Sky_Zenith_Color.uasset" 362
"../../../Engine/Content/EngineSky/T_Sky_Blue.uasset" 363
"../../../Engine/Content/EngineSky/T_Sky_Clouds_M.uasset" 364
"../../../Engine/Content/EngineSky/T_Sky_Stars.uasset" 365
"../../../Engine/Content/EngineSky/M_Sky_Panning_Clouds2.uasset" 366
"../../../Engine/Content/EngineSky/SM_SkySphere.uasset" 367
"../../../Engine/Content/EngineSky/BP_Sky_Sphere.uasset" 368
"../../../Exit/Content/FirstPersonBPIronbelly/Arms/FPSArms_Skeleton.uasset" 369
"../../../Exit/Content/FirstPersonBPIronbelly/Arms/Animations/ANIM_Benelli_Fire.uasset" 370
"../../../Exit/Content/FirstPersonBPIronbelly/Arms/Animations/ANIM_Benelli_ReloadEnd.uasset" 371
"../../../Exit/Content/FirstPersonBPIronbelly/Arms/Animations/ANIM_Benelli_ReloadLoop.uasset" 372
"../../../Exit/Content/FirstPersonBPIronbelly/Arms/Animations/ANIM_Benelli_ReloadStart.uasset" 373
"../../../Exit/Content/FirstPersonBPIronbelly/Arms/Animations/ANIM_Benelli_Idle.uasset" 374
"../../../Exit/Content/FirstPersonBPIronbelly/Arms/Animations/ANIM_Benelli_Sprint.uasset" 375
"../../../Exit/Content/FirstPersonBPIronbelly/Arms/Animations/ANIM_Benelli_Walk.uasset" 376
"../../../Exit/Content/Animations/BS_Arm.uasset" 377
"../../../Exit/Content/Animations/Anim_Arm.uasset" 378
"../../../Exit/Content/IBWP3DBenelli/Weapons/BenelliSuperNova/Animation/Benelli-ReloadLoop.uasset" 379
"../../../Exit/Content/IBWP3DBenelli/Weapons/BenelliSuperNova/Animation/Benelli-ReloadStart.uasset" 380
"../../../Exit/Content/Animations/Anim_ShotGun.uasset" 381
"../../../Exit/Content/Zombie1/Meshes/z1Body_Skeleton.uasset" 382
"../../../Exit/Content/Zombie1/Animations/z1_idle.uasset" 383
"../../../Exit/Content/Zombie1/Textures/Body_Diff_4k.uasset" 384
"../../../Exit/Content/Zombie1/Textures/Body_Normal_4k.uasset" 385
"../../../Exit/Content/Zombie1/Textures/EyeMask.uasset" 386
"../../../Exit/Content/Zombie1/Textures/Z1_Rough_AO_Clean_4k.uasset" 387
"../../../Exit/Content/Zombie1/Materials/BodyMat.uasset" 388
"../../../Exit/Content/Zombie1/Materials/Body_Inst.uasset" 389
"../../../Exit/Content/Zombie1/Meshes/z1Body_PhysicsAsset.uasset" 390
"../../../Exit/Content/Zombie1/Meshes/z1Body.uasset" 391
"../../../Exit/Content/BluePrints/BP_Monster.uasset" 392
"../../../Exit/Content/FirstPersonBPIronbelly/Arms/Textures/FPArms_Male1_AO.uasset" 393
"../../../Exit/Content/FirstPersonBPIronbelly/Arms/Textures/FPArms_Male1_DIF.uasset" 394
"../../../Exit/Content/FirstPersonBPIronbelly/Arms/Textures/FPArms_Male1_MET.uasset" 395
"../../../Exit/Content/FirstPersonBPIronbelly/Arms/Textures/FPArms_Male1_NRM.uasset" 396
"../../../Exit/Content/FirstPersonBPIronbelly/Arms/Textures/FPArms_Male1_RGS.uasset" 397
"../../../Exit/Content/FirstPersonBPIronbelly/MasterMaterial/Mat_Arm.uasset" 398
"../../../Exit/Content/FirstPersonBPIronbelly/Arms/FPSArms_PhysicsAsset.uasset" 399
"../../../Exit/Content/FirstPersonBPIronbelly/Arms/SK_FPSArms.uasset" 400
"../../../Exit/Content/IBWP3DBenelli/Weapons/BenelliSuperNova/Textures/BeneliSuperNova_AO.uasset" 401
"../../../Exit/Content/IBWP3DBenelli/Weapons/BenelliSuperNova/Textures/BeneliSuperNova_COL.uasset" 402
"../../../Exit/Content/IBWP3DBenelli/Weapons/BenelliSuperNova/Textures/BeneliSuperNova_MET.uasset" 403
"../../../Exit/Content/IBWP3DBenelli/Weapons/BenelliSuperNova/Textures/BeneliSuperNova_NRM.uasset" 404
"../../../Exit/Content/IBWP3DBenelli/Weapons/BenelliSuperNova/Textures/BeneliSuperNova_RGS.uasset" 405
"../../../Exit/Content/FirstPersonBPIronbelly/MasterMaterial/WeaponMaster.uasset" 406
"../../../Exit/Content/IBWP3DBenelli/Weapons/BenelliSuperNova/Materials/MAT_Benelli.uasset" 407
"../../../Exit/Content/IBWP3DBenelli/Weapons/BenelliSuperNova/Benelli_PhysicsAsset.uasset" 408
"../../../Exit/Content/IBWP3DBenelli/Weapons/BenelliSuperNova/SK_Benelli.uasset" 409
"../../../Exit/Content/BluePrints/BP_Chracter.uasset" 410
"../../../Exit/Content/100+crosshairspack/Textures/Crosshairs/Crosshair_Quad_1.uasset" 411
"../../../Exit/Content/BluePrints/HUD_Aim.uasset" 412
"../../../Exit/Content/BluePrints/BP_GM.uasset" 413
"../../../Engine/Content/MapTemplates/SM_Template_Map_Floor.uasset" 414
"../../../Exit/Content/Maps/Maps.umap" 415
